# FT Public Track Task 0 Environment Check

Timestamp: 2026-03-21T15:44:38+00:00
Workspace: /Users/zer0pa-build/ZPE/ZPE FT
Repo: /Users/zer0pa-build/ZPE/ZPE FT/zpe-finance

## Machine
- Platform: macOS-15.5-x86_64-i386-64bit-Mach-O
- CPU: Apple M1

## Policy
- Disk gate: 15.0 GiB free
- RunPod: explicit approval required
- Sovereign boundary: Phase 06 buyer authority remains the top gate

## Disk
- Status: PASS
- Free GiB: 22.41

## Imports
- yfinance: FAIL (ModuleNotFoundError: No module named 'yfinance')
- pandas_datareader: FAIL (ModuleNotFoundError: No module named 'pandas_datareader')
- requests: PASS (import ok (version 2.32.5))
- pandas: FAIL (ImportError: Unable to import required dependencies:
numpy: No module named 'numpy')
- numpy: FAIL (ModuleNotFoundError: No module named 'numpy')
- scipy: FAIL (ModuleNotFoundError: No module named 'numpy')
- sklearn: FAIL (ModuleNotFoundError: No module named 'numpy')

## Repo Tests
- Status: PASS
- Detail: exit code 0

## ADB
- Status: UNAVAILABLE
- Devices: none

## Verdict
- Gate: FAIL
- Blocking conditions:
  - required imports missing: yfinance, pandas_datareader, pandas, numpy, scipy, sklearn
- Next action: stop at Task 0 until the listed blockers are cleared
